[0.024s] Invoking command in '/home/mtrn/4231_resources/lab3_workspace/build/lab3_moveit': CMAKE_PREFIX_PATH=/opt/ros/humble /home/mtrn/.local/bin/cmake /home/mtrn/4231_resources/lab3_workspace/src/lab3_moveit -DCMAKE_INSTALL_PREFIX=/home/mtrn/4231_resources/lab3_workspace/install/lab3_moveit
[0.163s] -- The C compiler identification is GNU 11.4.0
[0.283s] -- The CXX compiler identification is GNU 11.4.0
[0.306s] -- Detecting C compiler ABI info
[0.399s] -- Detecting C compiler ABI info - done
[0.431s] -- Check for working C compiler: /usr/bin/cc - skipped
[0.431s] -- Detecting C compile features
[0.432s] -- Detecting C compile features - done
[0.446s] -- Detecting CXX compiler ABI info
[0.561s] -- Detecting CXX compiler ABI info - done
[0.581s] -- Check for working CXX compiler: /usr/bin/c++ - skipped
[0.581s] -- Detecting CXX compile features
[0.582s] -- Detecting CXX compile features - done
[0.588s] -- Found ament_cmake: 1.3.10 (/opt/ros/humble/share/ament_cmake/cmake)
[0.770s] -- Found Python3: /usr/bin/python3 (found version "3.10.12") found components: Interpreter 
[0.896s] -- Found moveit_ros_planning_interface: 2.5.5 (/opt/ros/humble/share/moveit_ros_planning_interface/cmake)
[1.020s] -- Found Boost: /usr/lib/x86_64-linux-gnu/cmake/Boost-1.74.0/BoostConfig.cmake (found version "1.74.0") found components: date_time filesystem program_options system thread 
[1.085s] -- Found rosidl_generator_c: 3.1.5 (/opt/ros/humble/share/rosidl_generator_c/cmake)
[1.091s] -- Found rosidl_adapter: 3.1.5 (/opt/ros/humble/share/rosidl_adapter/cmake)
[1.104s] -- Found rosidl_generator_cpp: 3.1.5 (/opt/ros/humble/share/rosidl_generator_cpp/cmake)
[1.133s] -- Using all available rosidl_typesupport_c: rosidl_typesupport_fastrtps_c;rosidl_typesupport_introspection_c
[1.165s] -- Using all available rosidl_typesupport_cpp: rosidl_typesupport_fastrtps_cpp;rosidl_typesupport_introspection_cpp
[1.570s] -- Found Boost: /usr/lib/x86_64-linux-gnu/cmake/Boost-1.74.0/BoostConfig.cmake (found version "1.74.0") found components: chrono date_time filesystem iostreams program_options regex serialization system thread 
[1.603s] -- Found parameter_traits: 0.3.8 (/opt/ros/humble/share/parameter_traits/cmake)
[1.708s] -- Found rmw_implementation_cmake: 6.1.2 (/opt/ros/humble/share/rmw_implementation_cmake/cmake)
[1.714s] -- Found rmw_fastrtps_cpp: 6.2.7 (/opt/ros/humble/share/rmw_fastrtps_cpp/cmake)
[1.855s] -- Found OpenSSL: /usr/lib/x86_64-linux-gnu/libcrypto.so (found version "3.0.2")  
[1.898s] -- Found FastRTPS: /opt/ros/humble/include  
[1.973s] -- Using RMW implementation 'rmw_fastrtps_cpp' as default
[1.987s] -- Found Threads: TRUE  
[2.082s] -- Found rclcpp_lifecycle: 16.0.10 (/opt/ros/humble/share/rclcpp_lifecycle/cmake)
[2.128s] -- Found Boost: /usr/lib/x86_64-linux-gnu/cmake/Boost-1.74.0/BoostConfig.cmake (found version "1.74.0") found components: filesystem 
[2.272s] -- library: /usr/lib/x86_64-linux-gnu/libcurl.so
[2.346s] -- Found Eigen3: TRUE (found version "3.4.0") 
[2.346s] -- Ensuring Eigen3 include directory is part of orocos-kdl CMake target
[2.631s] -- Found Boost: /usr/lib/x86_64-linux-gnu/cmake/Boost-1.74.0/BoostConfig.cmake (found version "1.74.0") found components: system filesystem date_time program_options thread chrono 
[2.695s] -- Found Boost: /usr/lib/x86_64-linux-gnu/cmake/Boost-1.74.0/BoostConfig.cmake (found version "1.74.0") found components: thread system filesystem regex date_time program_options 
[2.742s] -- Found Boost: /usr/lib/x86_64-linux-gnu/cmake/Boost-1.74.0/BoostConfig.cmake (found version "1.74.0") found components: system filesystem date_time program_options thread 
[2.910s] -- Configuring done (2.8s)
[2.963s] -- Generating done (0.0s)
[2.965s] -- Build files have been written to: /home/mtrn/4231_resources/lab3_workspace/build/lab3_moveit
[2.996s] Invoked command in '/home/mtrn/4231_resources/lab3_workspace/build/lab3_moveit' returned '0': CMAKE_PREFIX_PATH=/opt/ros/humble /home/mtrn/.local/bin/cmake /home/mtrn/4231_resources/lab3_workspace/src/lab3_moveit -DCMAKE_INSTALL_PREFIX=/home/mtrn/4231_resources/lab3_workspace/install/lab3_moveit
[2.999s] Invoking command in '/home/mtrn/4231_resources/lab3_workspace/build/lab3_moveit': CMAKE_PREFIX_PATH=/opt/ros/humble /home/mtrn/.local/bin/cmake --build /home/mtrn/4231_resources/lab3_workspace/build/lab3_moveit -- -j12 -l12
[3.104s] [ 50%] [32mBuilding CXX object CMakeFiles/move_to_marker.dir/src/move_to_marker.cpp.o[0m
[12.625s] [100%] [32m[1mLinking CXX executable move_to_marker[0m
[13.109s] [100%] Built target move_to_marker
[13.128s] Invoked command in '/home/mtrn/4231_resources/lab3_workspace/build/lab3_moveit' returned '0': CMAKE_PREFIX_PATH=/opt/ros/humble /home/mtrn/.local/bin/cmake --build /home/mtrn/4231_resources/lab3_workspace/build/lab3_moveit -- -j12 -l12
[13.243s] Invoking command in '/home/mtrn/4231_resources/lab3_workspace/build/lab3_moveit': CMAKE_PREFIX_PATH=/opt/ros/humble /home/mtrn/.local/bin/cmake --install /home/mtrn/4231_resources/lab3_workspace/build/lab3_moveit
[13.279s] -- Install configuration: ""
[13.282s] -- Installing: /home/mtrn/4231_resources/lab3_workspace/install/lab3_moveit/lib/lab3_moveit/move_to_marker
[13.283s] -- Set runtime path of "/home/mtrn/4231_resources/lab3_workspace/install/lab3_moveit/lib/lab3_moveit/move_to_marker" to ""
[13.283s] -- Installing: /home/mtrn/4231_resources/lab3_workspace/install/lab3_moveit/share/lab3_moveit//launch
[13.283s] -- Installing: /home/mtrn/4231_resources/lab3_workspace/install/lab3_moveit/share/lab3_moveit//launch/move_to_marker.launch.py
[13.284s] -- Installing: /home/mtrn/4231_resources/lab3_workspace/install/lab3_moveit/share/lab3_moveit//launch/._move_to_marker.launch.py
[13.284s] -- Installing: /home/mtrn/4231_resources/lab3_workspace/install/lab3_moveit/share/ament_index/resource_index/package_run_dependencies/lab3_moveit
[13.284s] -- Installing: /home/mtrn/4231_resources/lab3_workspace/install/lab3_moveit/share/ament_index/resource_index/parent_prefix_path/lab3_moveit
[13.284s] -- Installing: /home/mtrn/4231_resources/lab3_workspace/install/lab3_moveit/share/lab3_moveit/environment/ament_prefix_path.sh
[13.284s] -- Installing: /home/mtrn/4231_resources/lab3_workspace/install/lab3_moveit/share/lab3_moveit/environment/ament_prefix_path.dsv
[13.284s] -- Installing: /home/mtrn/4231_resources/lab3_workspace/install/lab3_moveit/share/lab3_moveit/environment/path.sh
[13.284s] -- Installing: /home/mtrn/4231_resources/lab3_workspace/install/lab3_moveit/share/lab3_moveit/environment/path.dsv
[13.285s] -- Installing: /home/mtrn/4231_resources/lab3_workspace/install/lab3_moveit/share/lab3_moveit/local_setup.bash
[13.285s] -- Installing: /home/mtrn/4231_resources/lab3_workspace/install/lab3_moveit/share/lab3_moveit/local_setup.sh
[13.285s] -- Installing: /home/mtrn/4231_resources/lab3_workspace/install/lab3_moveit/share/lab3_moveit/local_setup.zsh
[13.285s] -- Installing: /home/mtrn/4231_resources/lab3_workspace/install/lab3_moveit/share/lab3_moveit/local_setup.dsv
[13.285s] -- Installing: /home/mtrn/4231_resources/lab3_workspace/install/lab3_moveit/share/lab3_moveit/package.dsv
[13.285s] -- Installing: /home/mtrn/4231_resources/lab3_workspace/install/lab3_moveit/share/ament_index/resource_index/packages/lab3_moveit
[13.285s] -- Installing: /home/mtrn/4231_resources/lab3_workspace/install/lab3_moveit/share/lab3_moveit/cmake/lab3_moveitConfig.cmake
[13.285s] -- Installing: /home/mtrn/4231_resources/lab3_workspace/install/lab3_moveit/share/lab3_moveit/cmake/lab3_moveitConfig-version.cmake
[13.286s] -- Installing: /home/mtrn/4231_resources/lab3_workspace/install/lab3_moveit/share/lab3_moveit/package.xml
[13.293s] Invoked command in '/home/mtrn/4231_resources/lab3_workspace/build/lab3_moveit' returned '0': CMAKE_PREFIX_PATH=/opt/ros/humble /home/mtrn/.local/bin/cmake --install /home/mtrn/4231_resources/lab3_workspace/build/lab3_moveit
