[0.027s] Invoking command in '/home/asad/mtrn4231/lab5-main/src/pizza_cutter/build/pizza_cutter_description': CMAKE_PREFIX_PATH=/opt/ros/humble /usr/bin/cmake /home/asad/mtrn4231/lab5-main/src/pizza_cutter/pizza_cutter_description -DCMAKE_INSTALL_PREFIX=/home/asad/mtrn4231/lab5-main/src/pizza_cutter/install/pizza_cutter_description
[0.319s] -- The C compiler identification is GNU 11.4.0
[0.842s] -- The CXX compiler identification is GNU 11.4.0
[1.157s] -- Detecting C compiler ABI info
[1.302s] -- Detecting C compiler ABI info - done
[1.307s] -- Check for working C compiler: /usr/bin/cc - skipped
[1.315s] -- Detecting C compile features
[1.316s] -- Detecting C compile features - done
[1.320s] -- Detecting CXX compiler ABI info
[1.469s] -- Detecting CXX compiler ABI info - done
[1.474s] -- Check for working CXX compiler: /usr/bin/c++ - skipped
[1.474s] -- Detecting CXX compile features
[1.474s] -- Detecting CXX compile features - done
[1.509s] -- Found ament_cmake: 1.3.12 (/opt/ros/humble/share/ament_cmake/cmake)
[1.654s] -- Found Python3: /usr/bin/python3 (found version "3.10.12") found components: Interpreter 
[1.825s] -- Configuring done
[1.828s] -- Generating done
[1.830s] -- Build files have been written to: /home/asad/mtrn4231/lab5-main/src/pizza_cutter/build/pizza_cutter_description
[1.835s] Invoked command in '/home/asad/mtrn4231/lab5-main/src/pizza_cutter/build/pizza_cutter_description' returned '0': CMAKE_PREFIX_PATH=/opt/ros/humble /usr/bin/cmake /home/asad/mtrn4231/lab5-main/src/pizza_cutter/pizza_cutter_description -DCMAKE_INSTALL_PREFIX=/home/asad/mtrn4231/lab5-main/src/pizza_cutter/install/pizza_cutter_description
[1.836s] Invoking command in '/home/asad/mtrn4231/lab5-main/src/pizza_cutter/build/pizza_cutter_description': CMAKE_PREFIX_PATH=/opt/ros/humble /usr/bin/cmake --build /home/asad/mtrn4231/lab5-main/src/pizza_cutter/build/pizza_cutter_description -- -j16 -l16
[1.867s] Invoked command in '/home/asad/mtrn4231/lab5-main/src/pizza_cutter/build/pizza_cutter_description' returned '0': CMAKE_PREFIX_PATH=/opt/ros/humble /usr/bin/cmake --build /home/asad/mtrn4231/lab5-main/src/pizza_cutter/build/pizza_cutter_description -- -j16 -l16
[1.874s] Invoking command in '/home/asad/mtrn4231/lab5-main/src/pizza_cutter/build/pizza_cutter_description': CMAKE_PREFIX_PATH=/opt/ros/humble /usr/bin/cmake --install /home/asad/mtrn4231/lab5-main/src/pizza_cutter/build/pizza_cutter_description
[1.880s] -- Install configuration: ""
[1.880s] -- Installing: /home/asad/mtrn4231/lab5-main/src/pizza_cutter/install/pizza_cutter_description/share/pizza_cutter_description/launch
[1.889s] -- Installing: /home/asad/mtrn4231/lab5-main/src/pizza_cutter/install/pizza_cutter_description/share/pizza_cutter_description/launch/display.launch.py
[1.890s] -- Installing: /home/asad/mtrn4231/lab5-main/src/pizza_cutter/install/pizza_cutter_description/share/pizza_cutter_description/rviz
[1.890s] -- Installing: /home/asad/mtrn4231/lab5-main/src/pizza_cutter/install/pizza_cutter_description/share/pizza_cutter_description/rviz/display.rviz
[1.891s] -- Installing: /home/asad/mtrn4231/lab5-main/src/pizza_cutter/install/pizza_cutter_description/share/pizza_cutter_description/urdf
[1.891s] -- Installing: /home/asad/mtrn4231/lab5-main/src/pizza_cutter/install/pizza_cutter_description/share/pizza_cutter_description/urdf/pizza_cutter.urdf
[1.892s] -- Installing: /home/asad/mtrn4231/lab5-main/src/pizza_cutter/install/pizza_cutter_description/share/ament_index/resource_index/package_run_dependencies/pizza_cutter_description
[1.892s] -- Installing: /home/asad/mtrn4231/lab5-main/src/pizza_cutter/install/pizza_cutter_description/share/ament_index/resource_index/parent_prefix_path/pizza_cutter_description
[1.893s] -- Installing: /home/asad/mtrn4231/lab5-main/src/pizza_cutter/install/pizza_cutter_description/share/pizza_cutter_description/environment/ament_prefix_path.sh
[1.893s] -- Installing: /home/asad/mtrn4231/lab5-main/src/pizza_cutter/install/pizza_cutter_description/share/pizza_cutter_description/environment/ament_prefix_path.dsv
[1.893s] -- Installing: /home/asad/mtrn4231/lab5-main/src/pizza_cutter/install/pizza_cutter_description/share/pizza_cutter_description/environment/path.sh
[1.894s] -- Installing: /home/asad/mtrn4231/lab5-main/src/pizza_cutter/install/pizza_cutter_description/share/pizza_cutter_description/environment/path.dsv
[1.894s] -- Installing: /home/asad/mtrn4231/lab5-main/src/pizza_cutter/install/pizza_cutter_description/share/pizza_cutter_description/local_setup.bash
[1.894s] -- Installing: /home/asad/mtrn4231/lab5-main/src/pizza_cutter/install/pizza_cutter_description/share/pizza_cutter_description/local_setup.sh
[1.895s] -- Installing: /home/asad/mtrn4231/lab5-main/src/pizza_cutter/install/pizza_cutter_description/share/pizza_cutter_description/local_setup.zsh
[1.895s] -- Installing: /home/asad/mtrn4231/lab5-main/src/pizza_cutter/install/pizza_cutter_description/share/pizza_cutter_description/local_setup.dsv
[1.895s] -- Installing: /home/asad/mtrn4231/lab5-main/src/pizza_cutter/install/pizza_cutter_description/share/pizza_cutter_description/package.dsv
[1.895s] -- Installing: /home/asad/mtrn4231/lab5-main/src/pizza_cutter/install/pizza_cutter_description/share/ament_index/resource_index/packages/pizza_cutter_description
[1.896s] -- Installing: /home/asad/mtrn4231/lab5-main/src/pizza_cutter/install/pizza_cutter_description/share/pizza_cutter_description/cmake/pizza_cutter_descriptionConfig.cmake
[1.896s] -- Installing: /home/asad/mtrn4231/lab5-main/src/pizza_cutter/install/pizza_cutter_description/share/pizza_cutter_description/cmake/pizza_cutter_descriptionConfig-version.cmake
[1.896s] -- Installing: /home/asad/mtrn4231/lab5-main/src/pizza_cutter/install/pizza_cutter_description/share/pizza_cutter_description/package.xml
[1.900s] Invoked command in '/home/asad/mtrn4231/lab5-main/src/pizza_cutter/build/pizza_cutter_description' returned '0': CMAKE_PREFIX_PATH=/opt/ros/humble /usr/bin/cmake --install /home/asad/mtrn4231/lab5-main/src/pizza_cutter/build/pizza_cutter_description
