[0.136s] DEBUG:colcon:Command line arguments: ['/usr/bin/colcon', 'build']
[0.136s] DEBUG:colcon:Parsed command line arguments: Namespace(log_base=None, log_level=None, verb_name='build', build_base='build', install_base='install', merge_install=False, symlink_install=False, test_result_base=None, continue_on_error=False, executor='parallel', parallel_workers=12, event_handlers=None, ignore_user_meta=False, metas=['./colcon.meta'], base_paths=['.'], packages_ignore=None, packages_ignore_regex=None, paths=None, packages_up_to=None, packages_up_to_regex=None, packages_above=None, packages_above_and_dependencies=None, packages_above_depth=None, packages_select_by_dep=None, packages_skip_by_dep=None, packages_skip_up_to=None, packages_select_build_failed=False, packages_skip_build_finished=False, packages_select_test_failures=False, packages_skip_test_passed=False, packages_select=None, packages_skip=None, packages_select_regex=None, packages_skip_regex=None, packages_start=None, packages_end=None, allow_overriding=[], cmake_args=None, cmake_target=None, cmake_target_skip_unavailable=False, cmake_clean_cache=False, cmake_clean_first=False, cmake_force_configure=False, ament_cmake_args=None, catkin_cmake_args=None, catkin_skip_building_tests=False, mixin_files=None, mixin=None, verb_parser=<colcon_mixin.mixin.mixin_argument.MixinArgumentDecorator object at 0x76c98651bd30>, verb_extension=<colcon_core.verb.build.BuildVerb object at 0x76c9866a8b50>, main=<bound method BuildVerb.main of <colcon_core.verb.build.BuildVerb object at 0x76c9866a8b50>>, mixin_verb=('build',))
[0.186s] Level 1:colcon.colcon_core.package_discovery:discover_packages(colcon_meta) check parameters
[0.186s] Level 1:colcon.colcon_core.package_discovery:discover_packages(recursive) check parameters
[0.186s] Level 1:colcon.colcon_core.package_discovery:discover_packages(ignore) check parameters
[0.186s] Level 1:colcon.colcon_core.package_discovery:discover_packages(path) check parameters
[0.186s] Level 1:colcon.colcon_core.package_discovery:discover_packages(colcon_meta) discover
[0.186s] Level 1:colcon.colcon_core.package_discovery:discover_packages(recursive) discover
[0.186s] INFO:colcon.colcon_core.package_discovery:Crawling recursively for packages in '/home/mtrn/4231_resources/lab3_workspace'
[0.186s] Level 1:colcon.colcon_core.package_identification:_identify(.) by extensions ['ignore', 'ignore_ament_install']
[0.187s] Level 1:colcon.colcon_core.package_identification:_identify(.) by extension 'ignore'
[0.187s] Level 1:colcon.colcon_core.package_identification:_identify(.) by extension 'ignore_ament_install'
[0.187s] Level 1:colcon.colcon_core.package_identification:_identify(.) by extensions ['colcon_pkg']
[0.187s] Level 1:colcon.colcon_core.package_identification:_identify(.) by extension 'colcon_pkg'
[0.187s] Level 1:colcon.colcon_core.package_identification:_identify(.) by extensions ['colcon_meta']
[0.187s] Level 1:colcon.colcon_core.package_identification:_identify(.) by extension 'colcon_meta'
[0.187s] Level 1:colcon.colcon_core.package_identification:_identify(.) by extensions ['ros']
[0.187s] Level 1:colcon.colcon_core.package_identification:_identify(.) by extension 'ros'
[0.210s] Level 1:colcon.colcon_core.package_identification:_identify(.) by extensions ['cmake', 'python']
[0.210s] Level 1:colcon.colcon_core.package_identification:_identify(.) by extension 'cmake'
[0.210s] Level 1:colcon.colcon_core.package_identification:_identify(.) by extension 'python'
[0.210s] Level 1:colcon.colcon_core.package_identification:_identify(.) by extensions ['python_setup_py']
[0.210s] Level 1:colcon.colcon_core.package_identification:_identify(.) by extension 'python_setup_py'
[0.210s] Level 1:colcon.colcon_core.package_identification:_identify(build) by extensions ['ignore', 'ignore_ament_install']
[0.210s] Level 1:colcon.colcon_core.package_identification:_identify(build) by extension 'ignore'
[0.210s] Level 1:colcon.colcon_core.package_identification:_identify(build) ignored
[0.210s] Level 1:colcon.colcon_core.package_identification:_identify(install) by extensions ['ignore', 'ignore_ament_install']
[0.210s] Level 1:colcon.colcon_core.package_identification:_identify(install) by extension 'ignore'
[0.210s] Level 1:colcon.colcon_core.package_identification:_identify(install) ignored
[0.211s] Level 1:colcon.colcon_core.package_identification:_identify(log) by extensions ['ignore', 'ignore_ament_install']
[0.211s] Level 1:colcon.colcon_core.package_identification:_identify(log) by extension 'ignore'
[0.211s] Level 1:colcon.colcon_core.package_identification:_identify(log) ignored
[0.211s] Level 1:colcon.colcon_core.package_identification:_identify(src) by extensions ['ignore', 'ignore_ament_install']
[0.211s] Level 1:colcon.colcon_core.package_identification:_identify(src) by extension 'ignore'
[0.211s] Level 1:colcon.colcon_core.package_identification:_identify(src) by extension 'ignore_ament_install'
[0.211s] Level 1:colcon.colcon_core.package_identification:_identify(src) by extensions ['colcon_pkg']
[0.211s] Level 1:colcon.colcon_core.package_identification:_identify(src) by extension 'colcon_pkg'
[0.211s] Level 1:colcon.colcon_core.package_identification:_identify(src) by extensions ['colcon_meta']
[0.211s] Level 1:colcon.colcon_core.package_identification:_identify(src) by extension 'colcon_meta'
[0.211s] Level 1:colcon.colcon_core.package_identification:_identify(src) by extensions ['ros']
[0.211s] Level 1:colcon.colcon_core.package_identification:_identify(src) by extension 'ros'
[0.211s] Level 1:colcon.colcon_core.package_identification:_identify(src) by extensions ['cmake', 'python']
[0.211s] Level 1:colcon.colcon_core.package_identification:_identify(src) by extension 'cmake'
[0.211s] Level 1:colcon.colcon_core.package_identification:_identify(src) by extension 'python'
[0.211s] Level 1:colcon.colcon_core.package_identification:_identify(src) by extensions ['python_setup_py']
[0.211s] Level 1:colcon.colcon_core.package_identification:_identify(src) by extension 'python_setup_py'
[0.211s] Level 1:colcon.colcon_core.package_identification:_identify(src/lab3_moveit) by extensions ['ignore', 'ignore_ament_install']
[0.211s] Level 1:colcon.colcon_core.package_identification:_identify(src/lab3_moveit) by extension 'ignore'
[0.211s] Level 1:colcon.colcon_core.package_identification:_identify(src/lab3_moveit) by extension 'ignore_ament_install'
[0.211s] Level 1:colcon.colcon_core.package_identification:_identify(src/lab3_moveit) by extensions ['colcon_pkg']
[0.211s] Level 1:colcon.colcon_core.package_identification:_identify(src/lab3_moveit) by extension 'colcon_pkg'
[0.211s] Level 1:colcon.colcon_core.package_identification:_identify(src/lab3_moveit) by extensions ['colcon_meta']
[0.211s] Level 1:colcon.colcon_core.package_identification:_identify(src/lab3_moveit) by extension 'colcon_meta'
[0.212s] Level 1:colcon.colcon_core.package_identification:_identify(src/lab3_moveit) by extensions ['ros']
[0.212s] Level 1:colcon.colcon_core.package_identification:_identify(src/lab3_moveit) by extension 'ros'
[0.214s] DEBUG:colcon.colcon_core.package_identification:Package 'src/lab3_moveit' with type 'ros.ament_cmake' and name 'lab3_moveit'
[0.215s] Level 1:colcon.colcon_core.package_identification:_identify(src/object_detect) by extensions ['ignore', 'ignore_ament_install']
[0.215s] Level 1:colcon.colcon_core.package_identification:_identify(src/object_detect) by extension 'ignore'
[0.215s] Level 1:colcon.colcon_core.package_identification:_identify(src/object_detect) by extension 'ignore_ament_install'
[0.215s] Level 1:colcon.colcon_core.package_identification:_identify(src/object_detect) by extensions ['colcon_pkg']
[0.215s] Level 1:colcon.colcon_core.package_identification:_identify(src/object_detect) by extension 'colcon_pkg'
[0.215s] Level 1:colcon.colcon_core.package_identification:_identify(src/object_detect) by extensions ['colcon_meta']
[0.215s] Level 1:colcon.colcon_core.package_identification:_identify(src/object_detect) by extension 'colcon_meta'
[0.215s] Level 1:colcon.colcon_core.package_identification:_identify(src/object_detect) by extensions ['ros']
[0.215s] Level 1:colcon.colcon_core.package_identification:_identify(src/object_detect) by extension 'ros'
[0.217s] DEBUG:colcon.colcon_core.package_identification:Package 'src/object_detect' with type 'ros.ament_python' and name 'object_detect'
[0.217s] Level 1:colcon.colcon_core.package_discovery:discover_packages(recursive) using defaults
[0.217s] Level 1:colcon.colcon_core.package_discovery:discover_packages(ignore) discover
[0.217s] Level 1:colcon.colcon_core.package_discovery:discover_packages(ignore) using defaults
[0.217s] Level 1:colcon.colcon_core.package_discovery:discover_packages(path) discover
[0.217s] Level 1:colcon.colcon_core.package_discovery:discover_packages(path) using defaults
[0.237s] Level 1:colcon.colcon_core.package_discovery:discover_packages(prefix_path) check parameters
[0.237s] Level 1:colcon.colcon_core.package_discovery:discover_packages(prefix_path) discover
[0.241s] DEBUG:colcon.colcon_installed_package_information.package_discovery:Found 368 installed packages in /opt/ros/humble
[0.242s] Level 1:colcon.colcon_core.package_discovery:discover_packages(prefix_path) using defaults
[0.299s] Level 5:colcon.colcon_core.verb:set package 'lab3_moveit' build argument 'cmake_args' from command line to 'None'
[0.299s] Level 5:colcon.colcon_core.verb:set package 'lab3_moveit' build argument 'cmake_target' from command line to 'None'
[0.299s] Level 5:colcon.colcon_core.verb:set package 'lab3_moveit' build argument 'cmake_target_skip_unavailable' from command line to 'False'
[0.299s] Level 5:colcon.colcon_core.verb:set package 'lab3_moveit' build argument 'cmake_clean_cache' from command line to 'False'
[0.299s] Level 5:colcon.colcon_core.verb:set package 'lab3_moveit' build argument 'cmake_clean_first' from command line to 'False'
[0.299s] Level 5:colcon.colcon_core.verb:set package 'lab3_moveit' build argument 'cmake_force_configure' from command line to 'False'
[0.299s] Level 5:colcon.colcon_core.verb:set package 'lab3_moveit' build argument 'ament_cmake_args' from command line to 'None'
[0.299s] Level 5:colcon.colcon_core.verb:set package 'lab3_moveit' build argument 'catkin_cmake_args' from command line to 'None'
[0.299s] Level 5:colcon.colcon_core.verb:set package 'lab3_moveit' build argument 'catkin_skip_building_tests' from command line to 'False'
[0.299s] DEBUG:colcon.colcon_core.verb:Building package 'lab3_moveit' with the following arguments: {'ament_cmake_args': None, 'build_base': '/home/mtrn/4231_resources/lab3_workspace/build/lab3_moveit', 'catkin_cmake_args': None, 'catkin_skip_building_tests': False, 'cmake_args': None, 'cmake_clean_cache': False, 'cmake_clean_first': False, 'cmake_force_configure': False, 'cmake_target': None, 'cmake_target_skip_unavailable': False, 'install_base': '/home/mtrn/4231_resources/lab3_workspace/install/lab3_moveit', 'merge_install': False, 'path': '/home/mtrn/4231_resources/lab3_workspace/src/lab3_moveit', 'symlink_install': False, 'test_result_base': None}
[0.300s] Level 5:colcon.colcon_core.verb:set package 'object_detect' build argument 'cmake_args' from command line to 'None'
[0.300s] Level 5:colcon.colcon_core.verb:set package 'object_detect' build argument 'cmake_target' from command line to 'None'
[0.300s] Level 5:colcon.colcon_core.verb:set package 'object_detect' build argument 'cmake_target_skip_unavailable' from command line to 'False'
[0.300s] Level 5:colcon.colcon_core.verb:set package 'object_detect' build argument 'cmake_clean_cache' from command line to 'False'
[0.300s] Level 5:colcon.colcon_core.verb:set package 'object_detect' build argument 'cmake_clean_first' from command line to 'False'
[0.300s] Level 5:colcon.colcon_core.verb:set package 'object_detect' build argument 'cmake_force_configure' from command line to 'False'
[0.300s] Level 5:colcon.colcon_core.verb:set package 'object_detect' build argument 'ament_cmake_args' from command line to 'None'
[0.300s] Level 5:colcon.colcon_core.verb:set package 'object_detect' build argument 'catkin_cmake_args' from command line to 'None'
[0.300s] Level 5:colcon.colcon_core.verb:set package 'object_detect' build argument 'catkin_skip_building_tests' from command line to 'False'
[0.300s] DEBUG:colcon.colcon_core.verb:Building package 'object_detect' with the following arguments: {'ament_cmake_args': None, 'build_base': '/home/mtrn/4231_resources/lab3_workspace/build/object_detect', 'catkin_cmake_args': None, 'catkin_skip_building_tests': False, 'cmake_args': None, 'cmake_clean_cache': False, 'cmake_clean_first': False, 'cmake_force_configure': False, 'cmake_target': None, 'cmake_target_skip_unavailable': False, 'install_base': '/home/mtrn/4231_resources/lab3_workspace/install/object_detect', 'merge_install': False, 'path': '/home/mtrn/4231_resources/lab3_workspace/src/object_detect', 'symlink_install': False, 'test_result_base': None}
[0.300s] INFO:colcon.colcon_core.executor:Executing jobs using 'parallel' executor
[0.301s] DEBUG:colcon.colcon_parallel_executor.executor.parallel:run_until_complete
[0.301s] INFO:colcon.colcon_ros.task.ament_cmake.build:Building ROS package in '/home/mtrn/4231_resources/lab3_workspace/src/lab3_moveit' with build type 'ament_cmake'
[0.301s] INFO:colcon.colcon_cmake.task.cmake.build:Building CMake package in '/home/mtrn/4231_resources/lab3_workspace/src/lab3_moveit'
[0.305s] INFO:colcon.colcon_core.plugin_system:Skipping extension 'colcon_core.shell.bat': Not used on non-Windows systems
[0.305s] INFO:colcon.colcon_core.shell:Skip shell extension 'powershell' for command environment: Not usable outside of PowerShell
[0.305s] DEBUG:colcon.colcon_core.shell:Skip shell extension 'dsv' for command environment
[0.309s] INFO:colcon.colcon_ros.task.ament_python.build:Building ROS package in '/home/mtrn/4231_resources/lab3_workspace/src/object_detect' with build type 'ament_python'
[0.309s] Level 1:colcon.colcon_core.shell:create_environment_hook('object_detect', 'ament_prefix_path')
[0.309s] INFO:colcon.colcon_core.shell:Creating environment hook '/home/mtrn/4231_resources/lab3_workspace/install/object_detect/share/object_detect/hook/ament_prefix_path.ps1'
[0.310s] INFO:colcon.colcon_core.shell:Creating environment descriptor '/home/mtrn/4231_resources/lab3_workspace/install/object_detect/share/object_detect/hook/ament_prefix_path.dsv'
[0.310s] INFO:colcon.colcon_core.shell:Creating environment hook '/home/mtrn/4231_resources/lab3_workspace/install/object_detect/share/object_detect/hook/ament_prefix_path.sh'
[0.311s] INFO:colcon.colcon_core.shell:Skip shell extension 'powershell' for command environment: Not usable outside of PowerShell
[0.311s] DEBUG:colcon.colcon_core.shell:Skip shell extension 'dsv' for command environment
[0.327s] DEBUG:colcon.colcon_core.event_handler.log_command:Invoking command in '/home/mtrn/4231_resources/lab3_workspace/build/lab3_moveit': CMAKE_PREFIX_PATH=/opt/ros/humble /home/mtrn/.local/bin/cmake /home/mtrn/4231_resources/lab3_workspace/src/lab3_moveit -DCMAKE_INSTALL_PREFIX=/home/mtrn/4231_resources/lab3_workspace/install/lab3_moveit
[0.605s] INFO:colcon.colcon_core.task.python.build:Building Python package in '/home/mtrn/4231_resources/lab3_workspace/src/object_detect'
[0.605s] INFO:colcon.colcon_core.shell:Skip shell extension 'powershell' for command environment: Not usable outside of PowerShell
[0.605s] DEBUG:colcon.colcon_core.shell:Skip shell extension 'dsv' for command environment
[1.435s] DEBUG:colcon.colcon_core.event_handler.log_command:Invoking command in '/home/mtrn/4231_resources/lab3_workspace/src/object_detect': PYTHONPATH=/home/mtrn/4231_resources/lab3_workspace/build/object_detect/prefix_override:/usr/lib/python3/dist-packages/colcon_core/task/python/colcon_distutils_commands:/home/mtrn/4231_resources/lab3_workspace/install/object_detect/lib/python3.10/site-packages:${PYTHONPATH} /usr/bin/python3 -W ignore:setup.py install is deprecated setup.py egg_info --egg-base ../../build/object_detect build --build-base /home/mtrn/4231_resources/lab3_workspace/build/object_detect/build install --record /home/mtrn/4231_resources/lab3_workspace/build/object_detect/install.log --single-version-externally-managed install_data
[2.169s] DEBUG:colcon.colcon_core.event_handler.log_command:Invoked command in '/home/mtrn/4231_resources/lab3_workspace/src/object_detect' returned '0': PYTHONPATH=/home/mtrn/4231_resources/lab3_workspace/build/object_detect/prefix_override:/usr/lib/python3/dist-packages/colcon_core/task/python/colcon_distutils_commands:/home/mtrn/4231_resources/lab3_workspace/install/object_detect/lib/python3.10/site-packages:${PYTHONPATH} /usr/bin/python3 -W ignore:setup.py install is deprecated setup.py egg_info --egg-base ../../build/object_detect build --build-base /home/mtrn/4231_resources/lab3_workspace/build/object_detect/build install --record /home/mtrn/4231_resources/lab3_workspace/build/object_detect/install.log --single-version-externally-managed install_data
[2.173s] Level 1:colcon.colcon_core.environment:checking '/home/mtrn/4231_resources/lab3_workspace/install/object_detect' for CMake module files
[2.174s] Level 1:colcon.colcon_core.environment:checking '/home/mtrn/4231_resources/lab3_workspace/install/object_detect' for CMake config files
[2.175s] Level 1:colcon.colcon_core.environment:checking '/home/mtrn/4231_resources/lab3_workspace/install/object_detect/lib'
[2.175s] Level 1:colcon.colcon_core.environment:checking '/home/mtrn/4231_resources/lab3_workspace/install/object_detect/bin'
[2.175s] Level 1:colcon.colcon_core.environment:checking '/home/mtrn/4231_resources/lab3_workspace/install/object_detect/lib/pkgconfig/object_detect.pc'
[2.176s] Level 1:colcon.colcon_core.environment:checking '/home/mtrn/4231_resources/lab3_workspace/install/object_detect/lib/python3.10/site-packages'
[2.176s] Level 1:colcon.colcon_core.shell:create_environment_hook('object_detect', 'pythonpath')
[2.176s] INFO:colcon.colcon_core.shell:Creating environment hook '/home/mtrn/4231_resources/lab3_workspace/install/object_detect/share/object_detect/hook/pythonpath.ps1'
[2.177s] INFO:colcon.colcon_core.shell:Creating environment descriptor '/home/mtrn/4231_resources/lab3_workspace/install/object_detect/share/object_detect/hook/pythonpath.dsv'
[2.177s] INFO:colcon.colcon_core.shell:Creating environment hook '/home/mtrn/4231_resources/lab3_workspace/install/object_detect/share/object_detect/hook/pythonpath.sh'
[2.178s] Level 1:colcon.colcon_core.environment:checking '/home/mtrn/4231_resources/lab3_workspace/install/object_detect/bin'
[2.178s] Level 1:colcon.colcon_core.environment:create_environment_scripts_only(object_detect)
[2.179s] INFO:colcon.colcon_core.shell:Creating package script '/home/mtrn/4231_resources/lab3_workspace/install/object_detect/share/object_detect/package.ps1'
[2.180s] INFO:colcon.colcon_core.shell:Creating package descriptor '/home/mtrn/4231_resources/lab3_workspace/install/object_detect/share/object_detect/package.dsv'
[2.181s] INFO:colcon.colcon_core.shell:Creating package script '/home/mtrn/4231_resources/lab3_workspace/install/object_detect/share/object_detect/package.sh'
[2.182s] INFO:colcon.colcon_core.shell:Creating package script '/home/mtrn/4231_resources/lab3_workspace/install/object_detect/share/object_detect/package.bash'
[2.183s] INFO:colcon.colcon_core.shell:Creating package script '/home/mtrn/4231_resources/lab3_workspace/install/object_detect/share/object_detect/package.zsh'
[2.184s] Level 1:colcon.colcon_core.environment:create_file_with_runtime_dependencies(/home/mtrn/4231_resources/lab3_workspace/install/object_detect/share/colcon-core/packages/object_detect)
[3.298s] DEBUG:colcon.colcon_core.event_handler.log_command:Invoked command in '/home/mtrn/4231_resources/lab3_workspace/build/lab3_moveit' returned '0': CMAKE_PREFIX_PATH=/opt/ros/humble /home/mtrn/.local/bin/cmake /home/mtrn/4231_resources/lab3_workspace/src/lab3_moveit -DCMAKE_INSTALL_PREFIX=/home/mtrn/4231_resources/lab3_workspace/install/lab3_moveit
[3.301s] DEBUG:colcon.colcon_core.event_handler.log_command:Invoking command in '/home/mtrn/4231_resources/lab3_workspace/build/lab3_moveit': CMAKE_PREFIX_PATH=/opt/ros/humble /home/mtrn/.local/bin/cmake --build /home/mtrn/4231_resources/lab3_workspace/build/lab3_moveit -- -j12 -l12
[13.431s] DEBUG:colcon.colcon_core.event_handler.log_command:Invoked command in '/home/mtrn/4231_resources/lab3_workspace/build/lab3_moveit' returned '0': CMAKE_PREFIX_PATH=/opt/ros/humble /home/mtrn/.local/bin/cmake --build /home/mtrn/4231_resources/lab3_workspace/build/lab3_moveit -- -j12 -l12
[13.545s] DEBUG:colcon.colcon_core.event_handler.log_command:Invoking command in '/home/mtrn/4231_resources/lab3_workspace/build/lab3_moveit': CMAKE_PREFIX_PATH=/opt/ros/humble /home/mtrn/.local/bin/cmake --install /home/mtrn/4231_resources/lab3_workspace/build/lab3_moveit
[13.594s] Level 1:colcon.colcon_core.environment:create_environment_scripts_only(lab3_moveit)
[13.595s] Level 1:colcon.colcon_core.environment:checking '/home/mtrn/4231_resources/lab3_workspace/install/lab3_moveit' for CMake module files
[13.596s] DEBUG:colcon.colcon_core.event_handler.log_command:Invoked command in '/home/mtrn/4231_resources/lab3_workspace/build/lab3_moveit' returned '0': CMAKE_PREFIX_PATH=/opt/ros/humble /home/mtrn/.local/bin/cmake --install /home/mtrn/4231_resources/lab3_workspace/build/lab3_moveit
[13.596s] Level 1:colcon.colcon_core.environment:checking '/home/mtrn/4231_resources/lab3_workspace/install/lab3_moveit' for CMake config files
[13.597s] Level 1:colcon.colcon_core.shell:create_environment_hook('lab3_moveit', 'cmake_prefix_path')
[13.597s] INFO:colcon.colcon_core.shell:Creating environment hook '/home/mtrn/4231_resources/lab3_workspace/install/lab3_moveit/share/lab3_moveit/hook/cmake_prefix_path.ps1'
[13.597s] INFO:colcon.colcon_core.shell:Creating environment descriptor '/home/mtrn/4231_resources/lab3_workspace/install/lab3_moveit/share/lab3_moveit/hook/cmake_prefix_path.dsv'
[13.598s] INFO:colcon.colcon_core.shell:Creating environment hook '/home/mtrn/4231_resources/lab3_workspace/install/lab3_moveit/share/lab3_moveit/hook/cmake_prefix_path.sh'
[13.598s] Level 1:colcon.colcon_core.environment:checking '/home/mtrn/4231_resources/lab3_workspace/install/lab3_moveit/lib'
[13.599s] Level 1:colcon.colcon_core.environment:checking '/home/mtrn/4231_resources/lab3_workspace/install/lab3_moveit/bin'
[13.599s] Level 1:colcon.colcon_core.environment:checking '/home/mtrn/4231_resources/lab3_workspace/install/lab3_moveit/lib/pkgconfig/lab3_moveit.pc'
[13.599s] Level 1:colcon.colcon_core.environment:checking '/home/mtrn/4231_resources/lab3_workspace/install/lab3_moveit/lib/python3.10/site-packages'
[13.599s] Level 1:colcon.colcon_core.environment:checking '/home/mtrn/4231_resources/lab3_workspace/install/lab3_moveit/bin'
[13.600s] INFO:colcon.colcon_core.shell:Creating package script '/home/mtrn/4231_resources/lab3_workspace/install/lab3_moveit/share/lab3_moveit/package.ps1'
[13.600s] INFO:colcon.colcon_core.shell:Creating package descriptor '/home/mtrn/4231_resources/lab3_workspace/install/lab3_moveit/share/lab3_moveit/package.dsv'
[13.601s] INFO:colcon.colcon_core.shell:Creating package script '/home/mtrn/4231_resources/lab3_workspace/install/lab3_moveit/share/lab3_moveit/package.sh'
[13.601s] INFO:colcon.colcon_core.shell:Creating package script '/home/mtrn/4231_resources/lab3_workspace/install/lab3_moveit/share/lab3_moveit/package.bash'
[13.601s] INFO:colcon.colcon_core.shell:Creating package script '/home/mtrn/4231_resources/lab3_workspace/install/lab3_moveit/share/lab3_moveit/package.zsh'
[13.602s] Level 1:colcon.colcon_core.environment:create_file_with_runtime_dependencies(/home/mtrn/4231_resources/lab3_workspace/install/lab3_moveit/share/colcon-core/packages/lab3_moveit)
[13.692s] Level 1:colcon.colcon_core.environment:create_environment_scripts_only(lab3_moveit)
[13.693s] Level 1:colcon.colcon_core.environment:checking '/home/mtrn/4231_resources/lab3_workspace/install/lab3_moveit' for CMake module files
[13.694s] Level 1:colcon.colcon_core.environment:checking '/home/mtrn/4231_resources/lab3_workspace/install/lab3_moveit' for CMake config files
[13.694s] Level 1:colcon.colcon_core.shell:create_environment_hook('lab3_moveit', 'cmake_prefix_path')
[13.695s] INFO:colcon.colcon_core.shell:Creating environment hook '/home/mtrn/4231_resources/lab3_workspace/install/lab3_moveit/share/lab3_moveit/hook/cmake_prefix_path.ps1'
[13.695s] INFO:colcon.colcon_core.shell:Creating environment descriptor '/home/mtrn/4231_resources/lab3_workspace/install/lab3_moveit/share/lab3_moveit/hook/cmake_prefix_path.dsv'
[13.696s] INFO:colcon.colcon_core.shell:Creating environment hook '/home/mtrn/4231_resources/lab3_workspace/install/lab3_moveit/share/lab3_moveit/hook/cmake_prefix_path.sh'
[13.697s] Level 1:colcon.colcon_core.environment:checking '/home/mtrn/4231_resources/lab3_workspace/install/lab3_moveit/lib'
[13.697s] Level 1:colcon.colcon_core.environment:checking '/home/mtrn/4231_resources/lab3_workspace/install/lab3_moveit/bin'
[13.697s] Level 1:colcon.colcon_core.environment:checking '/home/mtrn/4231_resources/lab3_workspace/install/lab3_moveit/lib/pkgconfig/lab3_moveit.pc'
[13.697s] Level 1:colcon.colcon_core.environment:checking '/home/mtrn/4231_resources/lab3_workspace/install/lab3_moveit/lib/python3.10/site-packages'
[13.697s] Level 1:colcon.colcon_core.environment:checking '/home/mtrn/4231_resources/lab3_workspace/install/lab3_moveit/bin'
[13.698s] INFO:colcon.colcon_core.shell:Creating package script '/home/mtrn/4231_resources/lab3_workspace/install/lab3_moveit/share/lab3_moveit/package.ps1'
[13.699s] INFO:colcon.colcon_core.shell:Creating package descriptor '/home/mtrn/4231_resources/lab3_workspace/install/lab3_moveit/share/lab3_moveit/package.dsv'
[13.699s] INFO:colcon.colcon_core.shell:Creating package script '/home/mtrn/4231_resources/lab3_workspace/install/lab3_moveit/share/lab3_moveit/package.sh'
[13.699s] INFO:colcon.colcon_core.shell:Creating package script '/home/mtrn/4231_resources/lab3_workspace/install/lab3_moveit/share/lab3_moveit/package.bash'
[13.700s] INFO:colcon.colcon_core.shell:Creating package script '/home/mtrn/4231_resources/lab3_workspace/install/lab3_moveit/share/lab3_moveit/package.zsh'
[13.700s] Level 1:colcon.colcon_core.environment:create_file_with_runtime_dependencies(/home/mtrn/4231_resources/lab3_workspace/install/lab3_moveit/share/colcon-core/packages/lab3_moveit)
[13.700s] DEBUG:colcon.colcon_parallel_executor.executor.parallel:closing loop
[13.701s] DEBUG:colcon.colcon_parallel_executor.executor.parallel:loop closed
[13.701s] DEBUG:colcon.colcon_parallel_executor.executor.parallel:run_until_complete finished with '0'
[13.701s] DEBUG:colcon.colcon_core.event_reactor:joining thread
[13.707s] INFO:colcon.colcon_core.plugin_system:Skipping extension 'colcon_notification.desktop_notification.terminal_notifier': Not used on non-Darwin systems
[13.707s] INFO:colcon.colcon_core.plugin_system:Skipping extension 'colcon_notification.desktop_notification.win32': Not used on non-Windows systems
[13.707s] INFO:colcon.colcon_notification.desktop_notification:Sending desktop notification using 'notify2'
[13.740s] DEBUG:colcon.colcon_core.event_reactor:joined thread
[13.740s] INFO:colcon.colcon_core.shell:Creating prefix script '/home/mtrn/4231_resources/lab3_workspace/install/local_setup.ps1'
[13.742s] INFO:colcon.colcon_core.shell:Creating prefix util module '/home/mtrn/4231_resources/lab3_workspace/install/_local_setup_util_ps1.py'
[13.745s] INFO:colcon.colcon_core.shell:Creating prefix chain script '/home/mtrn/4231_resources/lab3_workspace/install/setup.ps1'
[13.747s] INFO:colcon.colcon_core.shell:Creating prefix script '/home/mtrn/4231_resources/lab3_workspace/install/local_setup.sh'
[13.748s] INFO:colcon.colcon_core.shell:Creating prefix util module '/home/mtrn/4231_resources/lab3_workspace/install/_local_setup_util_sh.py'
[13.749s] INFO:colcon.colcon_core.shell:Creating prefix chain script '/home/mtrn/4231_resources/lab3_workspace/install/setup.sh'
[13.750s] INFO:colcon.colcon_core.shell:Creating prefix script '/home/mtrn/4231_resources/lab3_workspace/install/local_setup.bash'
[13.751s] INFO:colcon.colcon_core.shell:Creating prefix chain script '/home/mtrn/4231_resources/lab3_workspace/install/setup.bash'
[13.753s] INFO:colcon.colcon_core.shell:Creating prefix script '/home/mtrn/4231_resources/lab3_workspace/install/local_setup.zsh'
[13.754s] INFO:colcon.colcon_core.shell:Creating prefix chain script '/home/mtrn/4231_resources/lab3_workspace/install/setup.zsh'
