[0.362s] DEBUG:colcon:Command line arguments: ['/usr/bin/colcon', 'build']
[0.362s] DEBUG:colcon:Parsed command line arguments: Namespace(log_base=None, log_level=None, verb_name='build', build_base='build', install_base='install', merge_install=False, symlink_install=False, test_result_base=None, continue_on_error=False, executor='parallel', parallel_workers=16, event_handlers=None, ignore_user_meta=False, metas=['./colcon.meta'], base_paths=['.'], packages_ignore=None, packages_ignore_regex=None, paths=None, packages_up_to=None, packages_up_to_regex=None, packages_above=None, packages_above_and_dependencies=None, packages_above_depth=None, packages_select_by_dep=None, packages_skip_by_dep=None, packages_skip_up_to=None, packages_select_build_failed=False, packages_skip_build_finished=False, packages_select_test_failures=False, packages_skip_test_passed=False, packages_select=None, packages_skip=None, packages_select_regex=None, packages_skip_regex=None, packages_start=None, packages_end=None, allow_overriding=[], cmake_args=None, cmake_target=None, cmake_target_skip_unavailable=False, cmake_clean_cache=False, cmake_clean_first=False, cmake_force_configure=False, ament_cmake_args=None, catkin_cmake_args=None, catkin_skip_building_tests=False, verb_parser=<colcon_defaults.argument_parser.defaults.DefaultArgumentsDecorator object at 0x711120a13730>, verb_extension=<colcon_core.verb.build.BuildVerb object at 0x711120a12e30>, main=<bound method BuildVerb.main of <colcon_core.verb.build.BuildVerb object at 0x711120a12e30>>)
[0.747s] Level 1:colcon.colcon_core.package_discovery:discover_packages(colcon_meta) check parameters
[0.747s] Level 1:colcon.colcon_core.package_discovery:discover_packages(recursive) check parameters
[0.747s] Level 1:colcon.colcon_core.package_discovery:discover_packages(ignore) check parameters
[0.747s] Level 1:colcon.colcon_core.package_discovery:discover_packages(path) check parameters
[0.747s] Level 1:colcon.colcon_core.package_discovery:discover_packages(colcon_meta) discover
[0.747s] Level 1:colcon.colcon_core.package_discovery:discover_packages(recursive) discover
[0.747s] INFO:colcon.colcon_core.package_discovery:Crawling recursively for packages in '/home/asad/mtrn4231/lab5-main/src/pizza_cutter'
[0.747s] Level 1:colcon.colcon_core.package_identification:_identify(.) by extensions ['ignore', 'ignore_ament_install']
[0.747s] Level 1:colcon.colcon_core.package_identification:_identify(.) by extension 'ignore'
[0.748s] Level 1:colcon.colcon_core.package_identification:_identify(.) by extension 'ignore_ament_install'
[0.748s] Level 1:colcon.colcon_core.package_identification:_identify(.) by extensions ['colcon_pkg']
[0.748s] Level 1:colcon.colcon_core.package_identification:_identify(.) by extension 'colcon_pkg'
[0.748s] Level 1:colcon.colcon_core.package_identification:_identify(.) by extensions ['colcon_meta']
[0.748s] Level 1:colcon.colcon_core.package_identification:_identify(.) by extension 'colcon_meta'
[0.748s] Level 1:colcon.colcon_core.package_identification:_identify(.) by extensions ['ros']
[0.748s] Level 1:colcon.colcon_core.package_identification:_identify(.) by extension 'ros'
[0.763s] Level 1:colcon.colcon_core.package_identification:_identify(.) by extensions ['cmake', 'python']
[0.763s] Level 1:colcon.colcon_core.package_identification:_identify(.) by extension 'cmake'
[0.763s] Level 1:colcon.colcon_core.package_identification:_identify(.) by extension 'python'
[0.763s] Level 1:colcon.colcon_core.package_identification:_identify(.) by extensions ['python_setup_py']
[0.763s] Level 1:colcon.colcon_core.package_identification:_identify(.) by extension 'python_setup_py'
[0.764s] Level 1:colcon.colcon_core.package_identification:_identify(build) by extensions ['ignore', 'ignore_ament_install']
[0.764s] Level 1:colcon.colcon_core.package_identification:_identify(build) by extension 'ignore'
[0.764s] Level 1:colcon.colcon_core.package_identification:_identify(build) ignored
[0.764s] Level 1:colcon.colcon_core.package_identification:_identify(install) by extensions ['ignore', 'ignore_ament_install']
[0.764s] Level 1:colcon.colcon_core.package_identification:_identify(install) by extension 'ignore'
[0.764s] Level 1:colcon.colcon_core.package_identification:_identify(install) ignored
[0.764s] Level 1:colcon.colcon_core.package_identification:_identify(log) by extensions ['ignore', 'ignore_ament_install']
[0.764s] Level 1:colcon.colcon_core.package_identification:_identify(log) by extension 'ignore'
[0.764s] Level 1:colcon.colcon_core.package_identification:_identify(log) ignored
[0.764s] Level 1:colcon.colcon_core.package_identification:_identify(pizza_cutter_description) by extensions ['ignore', 'ignore_ament_install']
[0.764s] Level 1:colcon.colcon_core.package_identification:_identify(pizza_cutter_description) by extension 'ignore'
[0.764s] Level 1:colcon.colcon_core.package_identification:_identify(pizza_cutter_description) by extension 'ignore_ament_install'
[0.764s] Level 1:colcon.colcon_core.package_identification:_identify(pizza_cutter_description) by extensions ['colcon_pkg']
[0.764s] Level 1:colcon.colcon_core.package_identification:_identify(pizza_cutter_description) by extension 'colcon_pkg'
[0.764s] Level 1:colcon.colcon_core.package_identification:_identify(pizza_cutter_description) by extensions ['colcon_meta']
[0.764s] Level 1:colcon.colcon_core.package_identification:_identify(pizza_cutter_description) by extension 'colcon_meta'
[0.764s] Level 1:colcon.colcon_core.package_identification:_identify(pizza_cutter_description) by extensions ['ros']
[0.764s] Level 1:colcon.colcon_core.package_identification:_identify(pizza_cutter_description) by extension 'ros'
[0.768s] DEBUG:colcon.colcon_core.package_identification:Package 'pizza_cutter_description' with type 'ros.ament_cmake' and name 'pizza_cutter_description'
[0.768s] Level 1:colcon.colcon_core.package_discovery:discover_packages(recursive) using defaults
[0.769s] Level 1:colcon.colcon_core.package_discovery:discover_packages(ignore) discover
[0.769s] Level 1:colcon.colcon_core.package_discovery:discover_packages(ignore) using defaults
[0.769s] Level 1:colcon.colcon_core.package_discovery:discover_packages(path) discover
[0.769s] Level 1:colcon.colcon_core.package_discovery:discover_packages(path) using defaults
[0.814s] Level 1:colcon.colcon_core.package_discovery:discover_packages(prefix_path) check parameters
[0.814s] Level 1:colcon.colcon_core.package_discovery:discover_packages(prefix_path) discover
[0.819s] DEBUG:colcon.colcon_installed_package_information.package_discovery:Found 270 installed packages in /opt/ros/humble
[0.820s] Level 1:colcon.colcon_core.package_discovery:discover_packages(prefix_path) using defaults
[0.932s] Level 5:colcon.colcon_core.verb:set package 'pizza_cutter_description' build argument 'cmake_args' from command line to 'None'
[0.932s] Level 5:colcon.colcon_core.verb:set package 'pizza_cutter_description' build argument 'cmake_target' from command line to 'None'
[0.932s] Level 5:colcon.colcon_core.verb:set package 'pizza_cutter_description' build argument 'cmake_target_skip_unavailable' from command line to 'False'
[0.932s] Level 5:colcon.colcon_core.verb:set package 'pizza_cutter_description' build argument 'cmake_clean_cache' from command line to 'False'
[0.932s] Level 5:colcon.colcon_core.verb:set package 'pizza_cutter_description' build argument 'cmake_clean_first' from command line to 'False'
[0.932s] Level 5:colcon.colcon_core.verb:set package 'pizza_cutter_description' build argument 'cmake_force_configure' from command line to 'False'
[0.932s] Level 5:colcon.colcon_core.verb:set package 'pizza_cutter_description' build argument 'ament_cmake_args' from command line to 'None'
[0.932s] Level 5:colcon.colcon_core.verb:set package 'pizza_cutter_description' build argument 'catkin_cmake_args' from command line to 'None'
[0.932s] Level 5:colcon.colcon_core.verb:set package 'pizza_cutter_description' build argument 'catkin_skip_building_tests' from command line to 'False'
[0.932s] DEBUG:colcon.colcon_core.verb:Building package 'pizza_cutter_description' with the following arguments: {'ament_cmake_args': None, 'build_base': '/home/asad/mtrn4231/lab5-main/src/pizza_cutter/build/pizza_cutter_description', 'catkin_cmake_args': None, 'catkin_skip_building_tests': False, 'cmake_args': None, 'cmake_clean_cache': False, 'cmake_clean_first': False, 'cmake_force_configure': False, 'cmake_target': None, 'cmake_target_skip_unavailable': False, 'install_base': '/home/asad/mtrn4231/lab5-main/src/pizza_cutter/install/pizza_cutter_description', 'merge_install': False, 'path': '/home/asad/mtrn4231/lab5-main/src/pizza_cutter/pizza_cutter_description', 'symlink_install': False, 'test_result_base': None}
[0.932s] INFO:colcon.colcon_core.executor:Executing jobs using 'parallel' executor
[0.933s] DEBUG:colcon.colcon_parallel_executor.executor.parallel:run_until_complete
[0.934s] INFO:colcon.colcon_ros.task.ament_cmake.build:Building ROS package in '/home/asad/mtrn4231/lab5-main/src/pizza_cutter/pizza_cutter_description' with build type 'ament_cmake'
[0.934s] INFO:colcon.colcon_cmake.task.cmake.build:Building CMake package in '/home/asad/mtrn4231/lab5-main/src/pizza_cutter/pizza_cutter_description'
[0.949s] INFO:colcon.colcon_core.plugin_system:Skipping extension 'colcon_core.shell.bat': Not used on non-Windows systems
[0.950s] INFO:colcon.colcon_core.shell:Skip shell extension 'powershell' for command environment: Not usable outside of PowerShell
[0.950s] DEBUG:colcon.colcon_core.shell:Skip shell extension 'dsv' for command environment
[0.962s] DEBUG:colcon.colcon_core.event_handler.log_command:Invoking command in '/home/asad/mtrn4231/lab5-main/src/pizza_cutter/build/pizza_cutter_description': CMAKE_PREFIX_PATH=/opt/ros/humble /usr/bin/cmake /home/asad/mtrn4231/lab5-main/src/pizza_cutter/pizza_cutter_description -DCMAKE_INSTALL_PREFIX=/home/asad/mtrn4231/lab5-main/src/pizza_cutter/install/pizza_cutter_description
[2.770s] DEBUG:colcon.colcon_core.event_handler.log_command:Invoked command in '/home/asad/mtrn4231/lab5-main/src/pizza_cutter/build/pizza_cutter_description' returned '0': CMAKE_PREFIX_PATH=/opt/ros/humble /usr/bin/cmake /home/asad/mtrn4231/lab5-main/src/pizza_cutter/pizza_cutter_description -DCMAKE_INSTALL_PREFIX=/home/asad/mtrn4231/lab5-main/src/pizza_cutter/install/pizza_cutter_description
[2.771s] DEBUG:colcon.colcon_core.event_handler.log_command:Invoking command in '/home/asad/mtrn4231/lab5-main/src/pizza_cutter/build/pizza_cutter_description': CMAKE_PREFIX_PATH=/opt/ros/humble /usr/bin/cmake --build /home/asad/mtrn4231/lab5-main/src/pizza_cutter/build/pizza_cutter_description -- -j16 -l16
[2.802s] DEBUG:colcon.colcon_core.event_handler.log_command:Invoked command in '/home/asad/mtrn4231/lab5-main/src/pizza_cutter/build/pizza_cutter_description' returned '0': CMAKE_PREFIX_PATH=/opt/ros/humble /usr/bin/cmake --build /home/asad/mtrn4231/lab5-main/src/pizza_cutter/build/pizza_cutter_description -- -j16 -l16
[2.809s] DEBUG:colcon.colcon_core.event_handler.log_command:Invoking command in '/home/asad/mtrn4231/lab5-main/src/pizza_cutter/build/pizza_cutter_description': CMAKE_PREFIX_PATH=/opt/ros/humble /usr/bin/cmake --install /home/asad/mtrn4231/lab5-main/src/pizza_cutter/build/pizza_cutter_description
[2.834s] Level 1:colcon.colcon_core.environment:create_environment_scripts_only(pizza_cutter_description)
[2.835s] DEBUG:colcon.colcon_core.event_handler.log_command:Invoked command in '/home/asad/mtrn4231/lab5-main/src/pizza_cutter/build/pizza_cutter_description' returned '0': CMAKE_PREFIX_PATH=/opt/ros/humble /usr/bin/cmake --install /home/asad/mtrn4231/lab5-main/src/pizza_cutter/build/pizza_cutter_description
[2.841s] Level 1:colcon.colcon_core.environment:checking '/home/asad/mtrn4231/lab5-main/src/pizza_cutter/install/pizza_cutter_description' for CMake module files
[2.841s] Level 1:colcon.colcon_core.environment:checking '/home/asad/mtrn4231/lab5-main/src/pizza_cutter/install/pizza_cutter_description' for CMake config files
[2.842s] Level 1:colcon.colcon_core.shell:create_environment_hook('pizza_cutter_description', 'cmake_prefix_path')
[2.842s] INFO:colcon.colcon_core.shell:Creating environment hook '/home/asad/mtrn4231/lab5-main/src/pizza_cutter/install/pizza_cutter_description/share/pizza_cutter_description/hook/cmake_prefix_path.ps1'
[2.843s] INFO:colcon.colcon_core.shell:Creating environment descriptor '/home/asad/mtrn4231/lab5-main/src/pizza_cutter/install/pizza_cutter_description/share/pizza_cutter_description/hook/cmake_prefix_path.dsv'
[2.844s] INFO:colcon.colcon_core.shell:Creating environment hook '/home/asad/mtrn4231/lab5-main/src/pizza_cutter/install/pizza_cutter_description/share/pizza_cutter_description/hook/cmake_prefix_path.sh'
[2.845s] Level 1:colcon.colcon_core.environment:checking '/home/asad/mtrn4231/lab5-main/src/pizza_cutter/install/pizza_cutter_description/bin'
[2.845s] Level 1:colcon.colcon_core.environment:checking '/home/asad/mtrn4231/lab5-main/src/pizza_cutter/install/pizza_cutter_description/lib/pkgconfig/pizza_cutter_description.pc'
[2.846s] Level 1:colcon.colcon_core.environment:checking '/home/asad/mtrn4231/lab5-main/src/pizza_cutter/install/pizza_cutter_description/lib/python3.10/site-packages'
[2.846s] Level 1:colcon.colcon_core.environment:checking '/home/asad/mtrn4231/lab5-main/src/pizza_cutter/install/pizza_cutter_description/bin'
[2.846s] INFO:colcon.colcon_core.shell:Creating package script '/home/asad/mtrn4231/lab5-main/src/pizza_cutter/install/pizza_cutter_description/share/pizza_cutter_description/package.ps1'
[2.847s] INFO:colcon.colcon_core.shell:Creating package descriptor '/home/asad/mtrn4231/lab5-main/src/pizza_cutter/install/pizza_cutter_description/share/pizza_cutter_description/package.dsv'
[2.847s] INFO:colcon.colcon_core.shell:Creating package script '/home/asad/mtrn4231/lab5-main/src/pizza_cutter/install/pizza_cutter_description/share/pizza_cutter_description/package.sh'
[2.849s] INFO:colcon.colcon_core.shell:Creating package script '/home/asad/mtrn4231/lab5-main/src/pizza_cutter/install/pizza_cutter_description/share/pizza_cutter_description/package.bash'
[2.849s] INFO:colcon.colcon_core.shell:Creating package script '/home/asad/mtrn4231/lab5-main/src/pizza_cutter/install/pizza_cutter_description/share/pizza_cutter_description/package.zsh'
[2.850s] Level 1:colcon.colcon_core.environment:create_file_with_runtime_dependencies(/home/asad/mtrn4231/lab5-main/src/pizza_cutter/install/pizza_cutter_description/share/colcon-core/packages/pizza_cutter_description)
[2.851s] Level 1:colcon.colcon_core.environment:create_environment_scripts_only(pizza_cutter_description)
[2.851s] Level 1:colcon.colcon_core.environment:checking '/home/asad/mtrn4231/lab5-main/src/pizza_cutter/install/pizza_cutter_description' for CMake module files
[2.852s] Level 1:colcon.colcon_core.environment:checking '/home/asad/mtrn4231/lab5-main/src/pizza_cutter/install/pizza_cutter_description' for CMake config files
[2.852s] Level 1:colcon.colcon_core.shell:create_environment_hook('pizza_cutter_description', 'cmake_prefix_path')
[2.852s] INFO:colcon.colcon_core.shell:Creating environment hook '/home/asad/mtrn4231/lab5-main/src/pizza_cutter/install/pizza_cutter_description/share/pizza_cutter_description/hook/cmake_prefix_path.ps1'
[2.852s] INFO:colcon.colcon_core.shell:Creating environment descriptor '/home/asad/mtrn4231/lab5-main/src/pizza_cutter/install/pizza_cutter_description/share/pizza_cutter_description/hook/cmake_prefix_path.dsv'
[2.853s] INFO:colcon.colcon_core.shell:Creating environment hook '/home/asad/mtrn4231/lab5-main/src/pizza_cutter/install/pizza_cutter_description/share/pizza_cutter_description/hook/cmake_prefix_path.sh'
[2.854s] Level 1:colcon.colcon_core.environment:checking '/home/asad/mtrn4231/lab5-main/src/pizza_cutter/install/pizza_cutter_description/bin'
[2.854s] Level 1:colcon.colcon_core.environment:checking '/home/asad/mtrn4231/lab5-main/src/pizza_cutter/install/pizza_cutter_description/lib/pkgconfig/pizza_cutter_description.pc'
[2.854s] Level 1:colcon.colcon_core.environment:checking '/home/asad/mtrn4231/lab5-main/src/pizza_cutter/install/pizza_cutter_description/lib/python3.10/site-packages'
[2.854s] Level 1:colcon.colcon_core.environment:checking '/home/asad/mtrn4231/lab5-main/src/pizza_cutter/install/pizza_cutter_description/bin'
[2.855s] INFO:colcon.colcon_core.shell:Creating package script '/home/asad/mtrn4231/lab5-main/src/pizza_cutter/install/pizza_cutter_description/share/pizza_cutter_description/package.ps1'
[2.855s] INFO:colcon.colcon_core.shell:Creating package descriptor '/home/asad/mtrn4231/lab5-main/src/pizza_cutter/install/pizza_cutter_description/share/pizza_cutter_description/package.dsv'
[2.856s] INFO:colcon.colcon_core.shell:Creating package script '/home/asad/mtrn4231/lab5-main/src/pizza_cutter/install/pizza_cutter_description/share/pizza_cutter_description/package.sh'
[2.857s] INFO:colcon.colcon_core.shell:Creating package script '/home/asad/mtrn4231/lab5-main/src/pizza_cutter/install/pizza_cutter_description/share/pizza_cutter_description/package.bash'
[2.857s] INFO:colcon.colcon_core.shell:Creating package script '/home/asad/mtrn4231/lab5-main/src/pizza_cutter/install/pizza_cutter_description/share/pizza_cutter_description/package.zsh'
[2.858s] Level 1:colcon.colcon_core.environment:create_file_with_runtime_dependencies(/home/asad/mtrn4231/lab5-main/src/pizza_cutter/install/pizza_cutter_description/share/colcon-core/packages/pizza_cutter_description)
[2.858s] DEBUG:colcon.colcon_parallel_executor.executor.parallel:closing loop
[2.858s] DEBUG:colcon.colcon_parallel_executor.executor.parallel:loop closed
[2.859s] DEBUG:colcon.colcon_parallel_executor.executor.parallel:run_until_complete finished with '0'
[2.859s] DEBUG:colcon.colcon_core.event_reactor:joining thread
[2.907s] INFO:colcon.colcon_core.plugin_system:Skipping extension 'colcon_notification.desktop_notification.notify_send': Could not find 'notify-send'
[2.908s] INFO:colcon.colcon_core.plugin_system:Skipping extension 'colcon_notification.desktop_notification.terminal_notifier': Not used on non-Darwin systems
[2.908s] INFO:colcon.colcon_core.plugin_system:Skipping extension 'colcon_notification.desktop_notification.win32': Not used on non-Windows systems
[2.908s] INFO:colcon.colcon_notification.desktop_notification:Sending desktop notification using 'notify2'
[2.908s] DEBUG:colcon.colcon_notification.desktop_notification.notify2:Failed to initialize notify2: org.freedesktop.DBus.Error.FileNotFound: Failed to connect to socket /run/user/1000/bus: No such file or directory
[2.908s] DEBUG:colcon.colcon_core.event_reactor:joined thread
[2.908s] INFO:colcon.colcon_core.shell:Creating prefix script '/home/asad/mtrn4231/lab5-main/src/pizza_cutter/install/local_setup.ps1'
[2.911s] INFO:colcon.colcon_core.shell:Creating prefix util module '/home/asad/mtrn4231/lab5-main/src/pizza_cutter/install/_local_setup_util_ps1.py'
[2.912s] INFO:colcon.colcon_core.shell:Creating prefix chain script '/home/asad/mtrn4231/lab5-main/src/pizza_cutter/install/setup.ps1'
[2.913s] INFO:colcon.colcon_core.shell:Creating prefix script '/home/asad/mtrn4231/lab5-main/src/pizza_cutter/install/local_setup.sh'
[2.914s] INFO:colcon.colcon_core.shell:Creating prefix util module '/home/asad/mtrn4231/lab5-main/src/pizza_cutter/install/_local_setup_util_sh.py'
[2.915s] INFO:colcon.colcon_core.shell:Creating prefix chain script '/home/asad/mtrn4231/lab5-main/src/pizza_cutter/install/setup.sh'
[2.916s] INFO:colcon.colcon_core.shell:Creating prefix script '/home/asad/mtrn4231/lab5-main/src/pizza_cutter/install/local_setup.bash'
[2.916s] INFO:colcon.colcon_core.shell:Creating prefix chain script '/home/asad/mtrn4231/lab5-main/src/pizza_cutter/install/setup.bash'
[2.917s] INFO:colcon.colcon_core.shell:Creating prefix script '/home/asad/mtrn4231/lab5-main/src/pizza_cutter/install/local_setup.zsh'
[2.918s] INFO:colcon.colcon_core.shell:Creating prefix chain script '/home/asad/mtrn4231/lab5-main/src/pizza_cutter/install/setup.zsh'
